focal_from_exif: 0.030011177063
detect_features: 4.05311584473e-06
focal_from_exif: 0.0420761108398
detect_features: 3.09944152832e-06
focal_from_exif: 0.0266478061676
detect_features: 3.09944152832e-06
focal_from_exif: 0.0356979370117
detect_features: 1.53239321709
match_features: 1.32424116135
create_tracks: 0.0574300289154
reconstruct: 1.58007311821
focal_from_exif: 0.5851790905
detect_features: 15.3961400986
focal_from_exif: 0.0537989139557
detect_features: 2.24119400978
match_features: 5.85270595551
create_tracks: 0.358350038528
reconstruct: 11.8360369205
mesh: 0.347548961639
focal_from_exif: 0.0624420642853
detect_features: 2.14533209801
match_features: 5.7477209568
create_tracks: 0.366386890411
reconstruct: 12.2178730965
mesh: 0.385119915009
focal_from_exif: 0.0647149085999
detect_features: 2.23995399475
match_features: 6.25307607651
create_tracks: 0.366677045822
reconstruct: 11.6232969761
mesh: 0.341031074524
focal_from_exif: 0.0893619060516
detect_features: 2.24012303352
match_features: 14.7629599571
create_tracks: 0.721789836884
reconstruct: 32.330343008
mesh: 0.474822998047
focal_from_exif: 0.0871779918671
detect_features: 2.2463889122
match_features: 14.9600360394
create_tracks: 0.722465991974
reconstruct: 21.5052671432
mesh: 0.537045955658
focal_from_exif: 0.525653839111
detect_features: 4.28123307228
match_features: 1313.66020489
create_tracks: 12.4907720089
reconstruct: 422.429951906
mesh: 2.3279209137
